Arguments: 
  D:\Program Files\nodejs\node.exe D:\Program Files\nodejs\node_modules\yarn\bin\yarn.js add dayjs

PATH: 
  C:\Windows\system32;C:\Windows;C:\Windows\System32\Wbem;C:\Windows\System32\WindowsPowerShell\v1.0\;C:\Windows\System32\OpenSSH\;D:\Program Files\Git\cmd;D:\Program Files\nodejs\;D:\Programs\Python\Python39\Scripts\;D:\Programs\Python\Python39\;C:\Users\Think\AppData\Local\Microsoft\WindowsApps;D:\Programs\Microsoft VS Code\bin;C:\Users\Think\AppData\Roaming\npm

Yarn version: 
  1.22.10

Node version: 
  14.16.0

Platform: 
  win32 x64

Trace: 
  Error: EPERM: operation not permitted, unlink 'E:\Coding\blog-with-gridsome\node_modules\sharp\build\Release\libcairo-2.dll'

npm manifest: 
  {
    "name": "my-gridsome",
    "private": true,
    "scripts": {
      "develop": "gridsome develop",
      "explore": "gridsome explore",
      "build": "gridsome build"
    },
    "dependencies": {
      "@fortawesome/fontawesome-free": "^5.15.3",
      "@gridsome/remark-prismjs": "^0.5.0",
      "@gridsome/source-filesystem": "^0.6.2",
      "@gridsome/source-strapi": "^0.2.0",
      "@gridsome/transformer-remark": "^0.6.4",
      "axios": "^0.21.1",
      "bootstrap": "^5.0.0",
      "gridsome": "^0.7.0",
      "markdown-it": "^12.0.6"
    }
  }

yarn manifest: 
  No manifest

Lockfile: 
  No lockfile
